Arguments: 
  /Users/rameshpareek/.nvm/versions/node/v12.22.6/bin/node /usr/local/Cellar/yarn/1.22.10/libexec/bin/yarn.js

PATH: 
  /Users/rameshpareek/.nvm/versions/node/v12.22.6/bin:/Users/rameshpareek/Library/Android/Sdk/tools:/Users/rameshpareek/Library/Android/Sdk/tools/bin:/Users/rameshpareek/Library/Android/Sdk/platform-tools:/usr/bin:/bin:/usr/sbin:/sbin:/usr/local/bin:/usr/local/go/bin:/Users/rameshpareek/proj/google-cloud-sdk/bin:/Users/rameshpareek/Library/Android/Sdk/tools:/Users/rameshpareek/Library/Android/Sdk/tools/bin:/Users/rameshpareek/Library/Android/Sdk/platform-tools

Yarn version: 
  1.22.10

Node version: 
  12.22.6

Platform: 
  darwin x64

Trace: 
  Error: getaddrinfo ENOTFOUND registry.yarnpkg.com
      at GetAddrInfoReqWrap.onlookup [as oncomplete] (dns.js:66:26)

npm manifest: 
  {
    "name": "products",
    "version": "0.1.0",
    "private": true,
    "scripts": {
      "serve": "vue-cli-service serve",
      "build": "vue-cli-service build",
      "lint": "vue-cli-service lint"
    },
    "dependencies": {
      "@fortawesome/fontawesome-svg-core": "^1.2.22",
      "@fortawesome/free-solid-svg-icons": "^5.10.2",
      "@fortawesome/vue-fontawesome": "^0.1.7",
      "@metamask/detect-provider": "^1.2.0",
      "axios": "^0.18.1",
      "eth-rpc-errors": "^4.0.3",
      "ethereumjs-common": "^1.5.2",
      "ethereumjs-tx": "^2.1.2",
      "fortmatic": "^2.2.1",
      "lodash": "^4.17.15",
      "moment": "^2.24.0",
      "sweetalert2": "^11.1.5",
      "vue": "^2.6.10",
      "vue-i18n": "^8.14.1",
      "vue-resource": "^1.5.1",
      "vue-router": "^3.1.3",
      "vuetify": "^2.0.17",
      "vuex": "^3.1.1",
      "web3": "^1.5.2"
    },
    "devDependencies": {
      "@vue/cli-plugin-babel": "^3.11.0",
      "@vue/cli-plugin-eslint": "^3.11.0",
      "@vue/cli-service": "^3.11.0",
      "babel-eslint": "^10.0.3",
      "eslint": "^5.16.0",
      "eslint-plugin-vue": "^5.2.3",
      "sass": "^1.22.12",
      "sass-loader": "^7.1.0",
      "vue-cli-plugin-vuetify": "^0.6.3",
      "vue-template-compiler": "^2.6.10",
      "vuetify-loader": "^1.2.2"
    },
    "eslintConfig": {
      "root": true,
      "env": {
        "node": true
      },
      "extends": [
        "plugin:vue/essential",
        "eslint:recommended"
      ],
      "rules": {},
      "parserOptions": {
        "parser": "babel-eslint"
      }
    },
    "postcss": {
      "plugins": {
        "autoprefixer": {}
      }
    },
    "browserslist": [
      "> 1%",
      "last 2 versions",
      "not ie <= 8"
    ]
  }

yarn manifest: 
  No manifest

Lockfile: 
  No lockfile
